{"C:\\Users\\dank\\Desktop\\group15appNextJS-main\\pages\\api\\auth\\login.js": {"path":"C:\\Users\\dank\\Desktop\\group15appNextJS-main\\pages\\api\\auth\\login.js","statementMap":{"0":{"start":{"line":5,"column":2},"end":{"line":15,"column":3}},"1":{"start":{"line":6,"column":32},"end":{"line":6,"column":40}},"2":{"start":{"line":7,"column":4},"end":{"line":12,"column":5}},"3":{"start":{"line":8,"column":19},"end":{"line":8,"column":59}},"4":{"start":{"line":9,"column":6},"end":{"line":9,"column":37}},"5":{"start":{"line":11,"column":6},"end":{"line":11,"column":53}},"6":{"start":{"line":14,"column":4},"end":{"line":14,"column":58}}},"fnMap":{"0":{"name":"(anonymous_0)","decl":{"start":{"line":4,"column":15},"end":{"line":4,"column":16}},"loc":{"start":{"line":4,"column":35},"end":{"line":16,"column":1}},"line":4}},"branchMap":{"0":{"loc":{"start":{"line":5,"column":2},"end":{"line":15,"column":3}},"type":"if","locations":[{"start":{"line":5,"column":2},"end":{"line":15,"column":3}},{"start":{"line":13,"column":9},"end":{"line":15,"column":3}}],"line":5}},"s":{"0":0,"1":0,"2":0,"3":0,"4":0,"5":0,"6":0},"f":{"0":0},"b":{"0":[0,0]}}
,"C:\\Users\\dank\\Desktop\\group15appNextJS-main\\pages\\api\\auth\\register.js": {"path":"C:\\Users\\dank\\Desktop\\group15appNextJS-main\\pages\\api\\auth\\register.js","statementMap":{"0":{"start":{"line":5,"column":2},"end":{"line":20,"column":3}},"1":{"start":{"line":6,"column":4},"end":{"line":6,"column":43}},"2":{"start":{"line":7,"column":4},"end":{"line":7,"column":57}},"3":{"start":{"line":9,"column":19},"end":{"line":9,"column":40}},"4":{"start":{"line":10,"column":4},"end":{"line":12,"column":5}},"5":{"start":{"line":11,"column":6},"end":{"line":11,"column":62}},"6":{"start":{"line":14,"column":32},"end":{"line":14,"column":40}},"7":{"start":{"line":15,"column":19},"end":{"line":15,"column":56}},"8":{"start":{"line":16,"column":4},"end":{"line":18,"column":5}},"9":{"start":{"line":17,"column":6},"end":{"line":17,"column":59}},"10":{"start":{"line":19,"column":4},"end":{"line":19,"column":77}},"11":{"start":{"line":21,"column":2},"end":{"line":21,"column":58}}},"fnMap":{"0":{"name":"handler","decl":{"start":{"line":4,"column":30},"end":{"line":4,"column":37}},"loc":{"start":{"line":4,"column":48},"end":{"line":22,"column":1}},"line":4}},"branchMap":{"0":{"loc":{"start":{"line":5,"column":2},"end":{"line":20,"column":3}},"type":"if","locations":[{"start":{"line":5,"column":2},"end":{"line":20,"column":3}},{"start":{},"end":{}}],"line":5},"1":{"loc":{"start":{"line":10,"column":4},"end":{"line":12,"column":5}},"type":"if","locations":[{"start":{"line":10,"column":4},"end":{"line":12,"column":5}},{"start":{},"end":{}}],"line":10},"2":{"loc":{"start":{"line":16,"column":4},"end":{"line":18,"column":5}},"type":"if","locations":[{"start":{"line":16,"column":4},"end":{"line":18,"column":5}},{"start":{},"end":{}}],"line":16}},"s":{"0":0,"1":0,"2":0,"3":0,"4":0,"5":0,"6":0,"7":0,"8":0,"9":0,"10":0,"11":0},"f":{"0":0},"b":{"0":[0,0],"1":[0,0],"2":[0,0]}}
,"C:\\Users\\dank\\Desktop\\group15appNextJS-main\\pages\\api\\events\\index.js": {"path":"C:\\Users\\dank\\Desktop\\group15appNextJS-main\\pages\\api\\events\\index.js","statementMap":{"0":{"start":{"line":5,"column":2},"end":{"line":8,"column":3}},"1":{"start":{"line":6,"column":19},"end":{"line":6,"column":43}},"2":{"start":{"line":7,"column":4},"end":{"line":7,"column":40}},"3":{"start":{"line":10,"column":2},"end":{"line":28,"column":3}},"4":{"start":{"line":11,"column":4},"end":{"line":11,"column":60}},"5":{"start":{"line":12,"column":4},"end":{"line":12,"column":67}},"6":{"start":{"line":13,"column":4},"end":{"line":13,"column":55}},"7":{"start":{"line":14,"column":4},"end":{"line":14,"column":53}},"8":{"start":{"line":15,"column":4},"end":{"line":15,"column":59}},"9":{"start":{"line":16,"column":4},"end":{"line":16,"column":52}},"10":{"start":{"line":17,"column":4},"end":{"line":17,"column":67}},"11":{"start":{"line":18,"column":4},"end":{"line":18,"column":49}},"12":{"start":{"line":20,"column":19},"end":{"line":20,"column":40}},"13":{"start":{"line":21,"column":4},"end":{"line":23,"column":5}},"14":{"start":{"line":22,"column":6},"end":{"line":22,"column":62}},"15":{"start":{"line":25,"column":18},"end":{"line":25,"column":26}},"16":{"start":{"line":26,"column":19},"end":{"line":26,"column":47}},"17":{"start":{"line":27,"column":4},"end":{"line":27,"column":40}},"18":{"start":{"line":29,"column":2},"end":{"line":29,"column":51}}},"fnMap":{"0":{"name":"handler","decl":{"start":{"line":4,"column":30},"end":{"line":4,"column":37}},"loc":{"start":{"line":4,"column":48},"end":{"line":30,"column":1}},"line":4}},"branchMap":{"0":{"loc":{"start":{"line":5,"column":2},"end":{"line":8,"column":3}},"type":"if","locations":[{"start":{"line":5,"column":2},"end":{"line":8,"column":3}},{"start":{},"end":{}}],"line":5},"1":{"loc":{"start":{"line":10,"column":2},"end":{"line":28,"column":3}},"type":"if","locations":[{"start":{"line":10,"column":2},"end":{"line":28,"column":3}},{"start":{},"end":{}}],"line":10},"2":{"loc":{"start":{"line":21,"column":4},"end":{"line":23,"column":5}},"type":"if","locations":[{"start":{"line":21,"column":4},"end":{"line":23,"column":5}},{"start":{},"end":{}}],"line":21}},"s":{"0":0,"1":0,"2":0,"3":0,"4":0,"5":0,"6":0,"7":0,"8":0,"9":0,"10":0,"11":0,"12":0,"13":0,"14":0,"15":0,"16":0,"17":0,"18":0},"f":{"0":0},"b":{"0":[0,0],"1":[0,0],"2":[0,0]}}
,"C:\\Users\\dank\\Desktop\\group15appNextJS-main\\pages\\api\\history\\index.js": {"path":"C:\\Users\\dank\\Desktop\\group15appNextJS-main\\pages\\api\\history\\index.js","statementMap":{"0":{"start":{"line":4,"column":2},"end":{"line":7,"column":3}},"1":{"start":{"line":5,"column":20},"end":{"line":5,"column":47}},"2":{"start":{"line":6,"column":4},"end":{"line":6,"column":41}},"3":{"start":{"line":8,"column":2},"end":{"line":8,"column":58}}},"fnMap":{"0":{"name":"handler","decl":{"start":{"line":3,"column":30},"end":{"line":3,"column":37}},"loc":{"start":{"line":3,"column":48},"end":{"line":9,"column":1}},"line":3}},"branchMap":{"0":{"loc":{"start":{"line":4,"column":2},"end":{"line":7,"column":3}},"type":"if","locations":[{"start":{"line":4,"column":2},"end":{"line":7,"column":3}},{"start":{},"end":{}}],"line":4}},"s":{"0":0,"1":0,"2":0,"3":0},"f":{"0":0},"b":{"0":[0,0]}}
,"C:\\Users\\dank\\Desktop\\group15appNextJS-main\\pages\\api\\matching\\index.js": {"path":"C:\\Users\\dank\\Desktop\\group15appNextJS-main\\pages\\api\\matching\\index.js","statementMap":{"0":{"start":{"line":5,"column":2},"end":{"line":17,"column":3}},"1":{"start":{"line":6,"column":4},"end":{"line":6,"column":47}},"2":{"start":{"line":7,"column":4},"end":{"line":7,"column":43}},"3":{"start":{"line":9,"column":19},"end":{"line":9,"column":40}},"4":{"start":{"line":10,"column":4},"end":{"line":12,"column":5}},"5":{"start":{"line":11,"column":6},"end":{"line":11,"column":62}},"6":{"start":{"line":14,"column":37},"end":{"line":14,"column":45}},"7":{"start":{"line":15,"column":19},"end":{"line":15,"column":71}},"8":{"start":{"line":16,"column":4},"end":{"line":16,"column":40}},"9":{"start":{"line":18,"column":2},"end":{"line":18,"column":50}}},"fnMap":{"0":{"name":"handler","decl":{"start":{"line":4,"column":30},"end":{"line":4,"column":37}},"loc":{"start":{"line":4,"column":48},"end":{"line":19,"column":1}},"line":4}},"branchMap":{"0":{"loc":{"start":{"line":5,"column":2},"end":{"line":17,"column":3}},"type":"if","locations":[{"start":{"line":5,"column":2},"end":{"line":17,"column":3}},{"start":{},"end":{}}],"line":5},"1":{"loc":{"start":{"line":10,"column":4},"end":{"line":12,"column":5}},"type":"if","locations":[{"start":{"line":10,"column":4},"end":{"line":12,"column":5}},{"start":{},"end":{}}],"line":10}},"s":{"0":0,"1":0,"2":0,"3":0,"4":0,"5":0,"6":0,"7":0,"8":0,"9":0},"f":{"0":0},"b":{"0":[0,0],"1":[0,0]}}
,"C:\\Users\\dank\\Desktop\\group15appNextJS-main\\pages\\api\\notifications\\index.js": {"path":"C:\\Users\\dank\\Desktop\\group15appNextJS-main\\pages\\api\\notifications\\index.js","statementMap":{"0":{"start":{"line":5,"column":2},"end":{"line":8,"column":3}},"1":{"start":{"line":6,"column":26},"end":{"line":6,"column":64}},"2":{"start":{"line":7,"column":4},"end":{"line":7,"column":47}},"3":{"start":{"line":9,"column":2},"end":{"line":9,"column":58}}},"fnMap":{"0":{"name":"handler","decl":{"start":{"line":4,"column":30},"end":{"line":4,"column":37}},"loc":{"start":{"line":4,"column":48},"end":{"line":10,"column":1}},"line":4}},"branchMap":{"0":{"loc":{"start":{"line":5,"column":2},"end":{"line":8,"column":3}},"type":"if","locations":[{"start":{"line":5,"column":2},"end":{"line":8,"column":3}},{"start":{},"end":{}}],"line":5}},"s":{"0":0,"1":0,"2":0,"3":0},"f":{"0":0},"b":{"0":[0,0]}}
,"C:\\Users\\dank\\Desktop\\group15appNextJS-main\\pages\\api\\users\\index.js": {"path":"C:\\Users\\dank\\Desktop\\group15appNextJS-main\\pages\\api\\users\\index.js","statementMap":{"0":{"start":{"line":5,"column":2},"end":{"line":5,"column":53}},"1":{"start":{"line":7,"column":2},"end":{"line":11,"column":3}},"2":{"start":{"line":8,"column":18},"end":{"line":8,"column":40}},"3":{"start":{"line":9,"column":4},"end":{"line":9,"column":37}},"4":{"start":{"line":10,"column":4},"end":{"line":10,"column":39}},"5":{"start":{"line":13,"column":2},"end":{"line":32,"column":3}},"6":{"start":{"line":14,"column":4},"end":{"line":14,"column":43}},"7":{"start":{"line":15,"column":4},"end":{"line":15,"column":58}},"8":{"start":{"line":16,"column":4},"end":{"line":16,"column":59}},"9":{"start":{"line":17,"column":4},"end":{"line":17,"column":55}},"10":{"start":{"line":18,"column":4},"end":{"line":18,"column":53}},"11":{"start":{"line":19,"column":4},"end":{"line":19,"column":64}},"12":{"start":{"line":20,"column":4},"end":{"line":20,"column":44}},"13":{"start":{"line":22,"column":19},"end":{"line":22,"column":40}},"14":{"start":{"line":23,"column":4},"end":{"line":26,"column":5}},"15":{"start":{"line":24,"column":6},"end":{"line":24,"column":49}},"16":{"start":{"line":25,"column":6},"end":{"line":25,"column":62}},"17":{"start":{"line":28,"column":17},"end":{"line":28,"column":25}},"18":{"start":{"line":29,"column":19},"end":{"line":29,"column":44}},"19":{"start":{"line":30,"column":4},"end":{"line":30,"column":39}},"20":{"start":{"line":31,"column":4},"end":{"line":31,"column":40}},"21":{"start":{"line":34,"column":2},"end":{"line":34,"column":51}}},"fnMap":{"0":{"name":"handler","decl":{"start":{"line":4,"column":30},"end":{"line":4,"column":37}},"loc":{"start":{"line":4,"column":48},"end":{"line":35,"column":1}},"line":4}},"branchMap":{"0":{"loc":{"start":{"line":7,"column":2},"end":{"line":11,"column":3}},"type":"if","locations":[{"start":{"line":7,"column":2},"end":{"line":11,"column":3}},{"start":{},"end":{}}],"line":7},"1":{"loc":{"start":{"line":13,"column":2},"end":{"line":32,"column":3}},"type":"if","locations":[{"start":{"line":13,"column":2},"end":{"line":32,"column":3}},{"start":{},"end":{}}],"line":13},"2":{"loc":{"start":{"line":23,"column":4},"end":{"line":26,"column":5}},"type":"if","locations":[{"start":{"line":23,"column":4},"end":{"line":26,"column":5}},{"start":{},"end":{}}],"line":23}},"s":{"0":0,"1":0,"2":0,"3":0,"4":0,"5":0,"6":0,"7":0,"8":0,"9":0,"10":0,"11":0,"12":0,"13":0,"14":0,"15":0,"16":0,"17":0,"18":0,"19":0,"20":0,"21":0},"f":{"0":0},"b":{"0":[0,0],"1":[0,0],"2":[0,0]}}
}
